[21:33:10.016581] sendSTAT:151 STAT: STMt
[21:33:11.004892] process:409 strm
[21:33:11.005176] process_strm:219 strm command t
[21:33:11.005310] sendSTAT:151 STAT: STMt
[21:33:12.006673] sendSTAT:151 STAT: STMt
[21:33:13.008219] sendSTAT:151 STAT: STMt
[21:33:14.009738] sendSTAT:151 STAT: STMt
[21:33:15.011389] sendSTAT:151 STAT: STMt
[21:33:15.702200] stream_thread:223 end of stream
[21:33:15.703005] sendDSCO:170 DSCO: 0
[21:33:16.004311] process:409 strm
[21:33:16.004604] process_strm:219 strm command t
[21:33:16.004747] sendSTAT:151 STAT: STMt
[21:33:17.006067] sendSTAT:151 STAT: STMt
[21:33:18.009415] sendSTAT:151 STAT: STMt
[21:33:19.011112] sendSTAT:151 STAT: STMt
[21:33:20.005025] process:409 strm
[21:33:20.005289] process_strm:219 strm command t
[21:33:20.005428] sendSTAT:151 STAT: STMt
[21:33:21.006799] sendSTAT:151 STAT: STMt
[21:33:22.008319] sendSTAT:151 STAT: STMt
[21:33:23.009813] sendSTAT:151 STAT: STMt
[21:33:24.004848] process:409 strm
[21:33:24.012595] process_strm:219 strm command t
[21:33:24.012812] sendSTAT:151 STAT: STMt
[21:33:25.013497] sendSTAT:151 STAT: STMt
[21:33:26.014613] sendSTAT:151 STAT: STMt
[21:33:27.015742] sendSTAT:151 STAT: STMt
[21:33:28.016963] sendSTAT:151 STAT: STMt
[21:33:29.004959] process:409 strm
[21:33:29.013740] process_strm:219 strm command t
[21:33:29.013965] sendSTAT:151 STAT: STMt
[21:33:30.015588] sendSTAT:151 STAT: STMt
[21:33:31.016747] sendSTAT:151 STAT: STMt
[21:33:32.017916] sendSTAT:151 STAT: STMt
[21:33:33.018994] sendSTAT:151 STAT: STMt
[21:33:34.004946] process:409 strm
[21:33:34.018821] process_strm:219 strm command t
[21:33:34.022546] sendSTAT:151 STAT: STMt
[21:33:35.023584] sendSTAT:151 STAT: STMt
[21:33:36.024684] sendSTAT:151 STAT: STMt
[21:33:37.025790] sendSTAT:151 STAT: STMt
[21:33:38.026896] sendSTAT:151 STAT: STMt
[21:33:39.005099] process:409 strm
[21:33:39.013883] process_strm:219 strm command t
[21:33:39.014111] sendSTAT:151 STAT: STMt
[21:33:40.015593] sendSTAT:151 STAT: STMt
[21:33:41.017179] sendSTAT:151 STAT: STMt
[21:33:43.018963] sendSTAT:151 STAT: STMt
[21:33:44.005046] process:409 strm
[21:33:44.309561] process_strm:219 strm command t
[21:33:44.312153] sendSTAT:151 STAT: STMt
[21:33:44.312458] sendSTAT:151 STAT: STMt
[21:33:45.313131] sendSTAT:151 STAT: STMt
[21:33:46.314627] sendSTAT:151 STAT: STMt
[21:33:47.317093] sendSTAT:151 STAT: STMt
[21:33:48.319469] sendSTAT:151 STAT: STMt
[21:33:49.004775] process:409 strm
[21:33:49.016696] process_strm:219 strm command t
[21:33:49.016930] sendSTAT:151 STAT: STMt
[21:33:50.018422] sendSTAT:151 STAT: STMt
[21:33:51.019955] sendSTAT:151 STAT: STMt
[21:33:52.021591] sendSTAT:151 STAT: STMt
[21:33:53.004957] process:409 strm
[21:33:53.005222] process_strm:219 strm command t
[21:33:53.005360] sendSTAT:151 STAT: STMt
[21:33:54.006922] sendSTAT:151 STAT: STMt
[21:33:55.015665] sendSTAT:151 STAT: STMt
[21:33:56.017216] sendSTAT:151 STAT: STMt
[21:33:57.018721] sendSTAT:151 STAT: STMt
[21:33:58.004908] process:409 strm
[21:33:58.005234] process_strm:219 strm command t
[21:33:58.005377] sendSTAT:151 STAT: STMt
[21:33:59.006716] sendSTAT:151 STAT: STMt
[21:34:00.016788] sendSTAT:151 STAT: STMt
[21:34:01.018321] sendSTAT:151 STAT: STMt
[21:34:02.019851] sendSTAT:151 STAT: STMt
[21:34:03.021361] sendSTAT:151 STAT: STMt
[21:34:03.040577] process:409 strm
[21:34:03.040862] process_strm:219 strm command t
[21:34:03.041004] sendSTAT:151 STAT: STMt
[21:34:04.042341] sendSTAT:151 STAT: STMt
[21:34:05.053221] sendSTAT:151 STAT: STMt
[21:34:06.054767] sendSTAT:151 STAT: STMt
[21:34:07.004335] process:409 strm
[21:34:07.004600] process_strm:219 strm command t
[21:34:07.004781] sendSTAT:151 STAT: STMt
[21:34:08.006172] sendSTAT:151 STAT: STMt
[21:34:09.007762] sendSTAT:151 STAT: STMt
[21:34:10.009343] sendSTAT:151 STAT: STMt
[21:34:11.004877] process:409 strm
[21:34:11.005191] process_strm:219 strm command t
[21:34:11.005378] sendSTAT:151 STAT: STMt
[21:34:12.010618] sendSTAT:151 STAT: STMt
[21:34:13.012115] sendSTAT:151 STAT: STMt
[21:34:14.013653] sendSTAT:151 STAT: STMt
[21:34:15.015148] sendSTAT:151 STAT: STMt
[21:34:16.004917] process:409 strm
[21:34:16.005264] process_strm:219 strm command t
[21:34:16.005407] sendSTAT:151 STAT: STMt
[21:34:17.006876] sendSTAT:151 STAT: STMt
[21:34:18.008363] sendSTAT:151 STAT: STMt
[21:34:19.010025] sendSTAT:151 STAT: STMt
[21:34:20.011597] sendSTAT:151 STAT: STMt
[21:34:21.004966] process:409 strm
[21:34:21.005313] process_strm:219 strm command t
[21:34:21.005458] sendSTAT:151 STAT: STMt
[21:34:22.006801] sendSTAT:151 STAT: STMt
[21:34:23.008482] sendSTAT:151 STAT: STMt
[21:34:24.010098] sendSTAT:151 STAT: STMt
[21:34:25.011655] sendSTAT:151 STAT: STMt
[21:34:26.004602] process:409 strm
[21:34:26.013015] process_strm:219 strm command t
[21:34:26.013251] sendSTAT:151 STAT: STMt
[21:34:27.014729] sendSTAT:151 STAT: STMt
[21:34:28.016311] sendSTAT:151 STAT: STMt
[21:34:29.017894] sendSTAT:151 STAT: STMt
[21:34:30.004935] process:409 strm
[21:34:30.005203] process_strm:219 strm command t
[21:34:30.005342] sendSTAT:151 STAT: STMt
[21:34:31.011158] sendSTAT:151 STAT: STMt
[21:34:32.019911] sendSTAT:151 STAT: STMt
[21:34:33.021465] sendSTAT:151 STAT: STMt
[21:34:34.022971] sendSTAT:151 STAT: STMt
[21:34:35.004867] process:409 strm
[21:34:35.005134] process_strm:219 strm command t
[21:34:35.005319] sendSTAT:151 STAT: STMt
[21:34:36.006707] sendSTAT:151 STAT: STMt
[21:34:37.015372] sendSTAT:151 STAT: STMt
[21:34:38.016920] sendSTAT:151 STAT: STMt
[21:34:39.019013] sendSTAT:151 STAT: STMt
[21:34:40.004940] process:409 strm
[21:34:40.005205] process_strm:219 strm command t
[21:34:40.005342] sendSTAT:151 STAT: STMt
[21:34:41.006674] sendSTAT:151 STAT: STMt
[21:34:42.013683] sendSTAT:151 STAT: STMt
[21:34:43.015240] sendSTAT:151 STAT: STMt
[21:34:44.016735] sendSTAT:151 STAT: STMt
[21:34:45.004907] process:409 strm
[21:34:45.005244] process_strm:219 strm command t
[21:34:45.005393] sendSTAT:151 STAT: STMt
[21:34:46.006743] sendSTAT:151 STAT: STMt
[21:34:47.313106] sendSTAT:151 STAT: STMt
[21:34:48.314692] sendSTAT:151 STAT: STMt
[21:34:49.316298] sendSTAT:151 STAT: STMt
[21:34:50.004612] process:409 strm
[21:34:50.004938] process_strm:219 strm command t
[21:34:50.005077] sendSTAT:151 STAT: STMt
[21:34:51.006423] sendSTAT:151 STAT: STMt
[21:34:52.016269] sendSTAT:151 STAT: STMt
[21:34:53.017754] sendSTAT:151 STAT: STMt
[21:34:54.019352] sendSTAT:151 STAT: STMt
[21:34:55.004884] process:409 strm
[21:34:55.005259] process_strm:219 strm command t
[21:34:55.005416] sendSTAT:151 STAT: STMt
[21:34:56.006768] sendSTAT:151 STAT: STMt
[21:34:57.017038] sendSTAT:151 STAT: STMt
[21:34:58.023006] sendSTAT:151 STAT: STMt
[21:34:59.024645] sendSTAT:151 STAT: STMt
[21:35:00.004905] process:409 strm
[21:35:00.005172] process_strm:219 strm command t
[21:35:00.005309] sendSTAT:151 STAT: STMt
[21:35:01.008031] sendSTAT:151 STAT: STMt
[21:35:02.015938] sendSTAT:151 STAT: STMt
[21:35:03.017521] sendSTAT:151 STAT: STMt
[21:35:04.019090] sendSTAT:151 STAT: STMt
[21:35:05.004932] process:409 strm
[21:35:05.005245] process_strm:219 strm command t
[21:35:05.005388] sendSTAT:151 STAT: STMt
[21:35:06.006739] sendSTAT:151 STAT: STMt
[21:35:07.015685] sendSTAT:151 STAT: STMt
[21:35:08.017221] sendSTAT:151 STAT: STMt
[21:35:09.018752] sendSTAT:151 STAT: STMt
[21:35:10.004889] process:409 strm
[21:35:10.005156] process_strm:219 strm command t
[21:35:10.005333] sendSTAT:151 STAT: STMt
[21:35:11.006724] sendSTAT:151 STAT: STMt
[21:35:12.014825] sendSTAT:151 STAT: STMt
[21:35:13.016317] sendSTAT:151 STAT: STMt
[21:35:14.017864] sendSTAT:151 STAT: STMt
[21:35:15.004934] process:409 strm
[21:35:15.005260] process_strm:219 strm command t
[21:35:15.005409] sendSTAT:151 STAT: STMt
[21:35:16.006786] sendSTAT:151 STAT: STMt
[21:35:17.017726] sendSTAT:151 STAT: STMt
[21:35:18.019283] sendSTAT:151 STAT: STMt
[21:35:19.020780] sendSTAT:151 STAT: STMt
[21:35:20.007401] process:409 strm
[21:35:20.007670] process_strm:219 strm command t
[21:35:20.007808] sendSTAT:151 STAT: STMt
[21:35:21.009156] sendSTAT:151 STAT: STMt
[21:35:22.019026] sendSTAT:151 STAT: STMt
[21:35:23.020682] sendSTAT:151 STAT: STMt
[21:35:24.022170] sendSTAT:151 STAT: STMt
[21:35:25.004932] process:409 strm
[21:35:25.005277] process_strm:219 strm command t
[21:35:25.005416] sendSTAT:151 STAT: STMt
[21:35:26.006804] sendSTAT:151 STAT: STMt
[21:35:26.800812] decode_thread:99 decode complete
[21:35:26.801317] sendSTAT:151 STAT: STMd
[21:35:30.006133] process:409 strm
[21:35:30.006443] process_strm:219 strm command t
[21:35:30.006618] sendSTAT:151 STAT: STMt
[21:35:35.005973] process:409 strm
[21:35:35.006245] process_strm:219 strm command t
[21:35:35.006377] sendSTAT:151 STAT: STMt
[21:35:37.008918] sendSTAT:151 STAT: STMu
[21:35:40.005569] process:409 strm
[21:35:40.009430] process_strm:219 strm command t
[21:35:40.012008] sendSTAT:151 STAT: STMt
[21:35:45.005551] process:409 strm
[21:35:45.010072] process_strm:219 strm command t
[21:35:45.010278] sendSTAT:151 STAT: STMt
[21:35:50.008089] process:409 strm
[21:35:50.013421] process_strm:219 strm command t
[21:35:50.016980] sendSTAT:151 STAT: STMt
[21:35:55.008151] process:409 strm
[21:35:55.013701] process_strm:219 strm command t
[21:35:55.013928] sendSTAT:151 STAT: STMt
[21:35:55.776807] slimproto_stop:763 slimproto stop
[21:35:55.877595] decode_close:166 close decode
[21:35:55.935748] stream_close:296 close stream
[21:35:55.989700] output_close:1457 close output

