[12:48:25.998951] sendSTAT:151 STAT: STMt
[12:48:27.000340] sendSTAT:151 STAT: STMt
[12:48:28.001890] sendSTAT:151 STAT: STMt
[12:48:29.003524] sendSTAT:151 STAT: STMt
[12:48:30.005280] sendSTAT:151 STAT: STMt
[12:48:30.998302] process:409 strm
[12:48:30.998565] process_strm:219 strm command t
[12:48:30.998783] sendSTAT:151 STAT: STMt
[12:48:32.000134] sendSTAT:151 STAT: STMt
[12:48:33.001725] sendSTAT:151 STAT: STMt
[12:48:34.003320] sendSTAT:151 STAT: STMt
[12:48:34.998609] process:409 strm
[12:48:34.998868] process_strm:219 strm command t
[12:48:34.999081] sendSTAT:151 STAT: STMt
[12:48:36.000439] sendSTAT:151 STAT: STMt
[12:48:37.001970] sendSTAT:151 STAT: STMt
[12:48:38.003590] sendSTAT:151 STAT: STMt
[12:48:39.005089] sendSTAT:151 STAT: STMt
[12:48:39.998464] process:409 strm
[12:48:39.998790] process_strm:219 strm command t
[12:48:39.998929] sendSTAT:151 STAT: STMt
[12:48:41.000269] sendSTAT:151 STAT: STMt
[12:48:42.310357] sendSTAT:151 STAT: STMt
[12:48:43.314324] sendSTAT:151 STAT: STMt
[12:48:44.315947] sendSTAT:151 STAT: STMt
[12:48:44.998271] process:409 strm
[12:48:44.998534] process_strm:219 strm command t
[12:48:44.998673] sendSTAT:151 STAT: STMt
[12:48:46.000192] sendSTAT:151 STAT: STMt
[12:48:47.005869] sendSTAT:151 STAT: STMt
[12:48:48.007505] sendSTAT:151 STAT: STMt
[12:48:49.009040] sendSTAT:151 STAT: STMt
[12:48:49.997817] process:409 strm
[12:48:49.998078] process_strm:219 strm command t
[12:48:49.998254] sendSTAT:151 STAT: STMt
[12:48:50.999644] sendSTAT:151 STAT: STMt
[12:48:52.575021] sendSTAT:151 STAT: STMt
[12:48:53.576552] sendSTAT:151 STAT: STMt
[12:48:53.997994] process:409 strm
[12:48:53.998254] process_strm:219 strm command t
[12:48:53.998388] sendSTAT:151 STAT: STMt
[12:48:54.999795] sendSTAT:151 STAT: STMt
[12:48:56.006475] sendSTAT:151 STAT: STMt
[12:48:57.105541] sendSTAT:151 STAT: STMt
[12:48:58.107143] sendSTAT:151 STAT: STMt
[12:48:58.998409] process:409 strm
[12:48:58.998670] process_strm:219 strm command t
[12:48:58.998802] sendSTAT:151 STAT: STMt
[12:49:00.000177] sendSTAT:151 STAT: STMt
[12:49:01.001693] sendSTAT:151 STAT: STMt
[12:49:02.003045] sendSTAT:151 STAT: STMt
[12:49:03.004694] sendSTAT:151 STAT: STMt
[12:49:03.997863] process:409 strm
[12:49:03.998123] process_strm:219 strm command t
[12:49:03.998259] sendSTAT:151 STAT: STMt
[12:49:04.999729] sendSTAT:151 STAT: STMt
[12:49:06.001310] sendSTAT:151 STAT: STMt
[12:49:06.467470] sendSTAT:151 STAT: STMd
[12:49:06.760093] process:409 strm
[12:49:06.760351] process_strm:219 strm command s
[12:49:06.760475] process_strm:286 strm s autostart: 1 transition period: 10 transition type: 0
[12:49:06.760606] sendSTAT:151 STAT: STMf
[12:49:06.762138] sendSTAT:151 STAT: STMc
[12:49:06.762605] process_strm:309 set fade mode: 0
[12:49:06.763138] process:409 audg
[12:49:06.763329] process_audg:357 audg gainL: 2048 gainR: 2048 adjust: 1
[12:49:06.861393] sendRESP:182 RESP
[12:49:07.912471] sendSTAT:151 STAT: STMt
[12:49:07.997452] process:409 strm
[12:49:07.997699] process_strm:219 strm command t
[12:49:07.997876] sendSTAT:151 STAT: STMt
[12:49:08.999318] sendSTAT:151 STAT: STMt
[12:49:10.000799] sendSTAT:151 STAT: STMt
[12:49:11.002326] sendSTAT:151 STAT: STMt
[12:49:11.997920] process:409 strm
[12:49:11.998217] process_strm:219 strm command t
[12:49:11.998408] sendSTAT:151 STAT: STMt
[12:49:12.999750] sendSTAT:151 STAT: STMt
[12:49:14.005654] sendSTAT:151 STAT: STMt
[12:49:15.007217] sendSTAT:151 STAT: STMt
[12:49:15.998518] sendSTAT:151 STAT: STMs
[12:49:15.999051] process:409 strm
[12:49:15.999215] process_strm:219 strm command t
[12:49:15.999517] sendSTAT:151 STAT: STMt
[12:49:17.000886] sendSTAT:151 STAT: STMt
[12:49:18.002373] sendSTAT:151 STAT: STMt
[12:49:19.009161] sendSTAT:151 STAT: STMt
[12:49:20.010655] sendSTAT:151 STAT: STMt
[12:49:20.998609] process:409 strm
[12:49:20.998857] process_strm:219 strm command t
[12:49:20.999065] sendSTAT:151 STAT: STMt
[12:49:22.000395] sendSTAT:151 STAT: STMt
[12:49:23.001883] sendSTAT:151 STAT: STMt
[12:49:24.003425] sendSTAT:151 STAT: STMt
[12:49:25.005575] sendSTAT:151 STAT: STMt
[12:49:25.998889] process:409 strm
[12:49:25.999177] process_strm:219 strm command t
[12:49:25.999356] sendSTAT:151 STAT: STMt
[12:49:27.000739] sendSTAT:151 STAT: STMt
[12:49:28.002224] sendSTAT:151 STAT: STMt
[12:49:29.003808] sendSTAT:151 STAT: STMt
[12:49:30.318533] sendSTAT:151 STAT: STMt
[12:49:30.998263] process:409 strm
[12:49:30.998528] process_strm:219 strm command t
[12:49:30.998667] sendSTAT:151 STAT: STMt
[12:49:32.000533] sendSTAT:151 STAT: STMt
[12:49:33.002137] sendSTAT:151 STAT: STMt
[12:49:34.003673] sendSTAT:151 STAT: STMt
[12:49:34.998138] process:409 strm
[12:49:34.998423] process_strm:219 strm command t
[12:49:34.998562] sendSTAT:151 STAT: STMt
[12:49:35.999890] sendSTAT:151 STAT: STMt
[12:49:37.001486] sendSTAT:151 STAT: STMt
[12:49:38.003040] sendSTAT:151 STAT: STMt
[12:49:38.998531] process:409 strm
[12:49:38.998817] process_strm:219 strm command t
[12:49:38.998956] sendSTAT:151 STAT: STMt
[12:49:40.000380] sendSTAT:151 STAT: STMt
[12:49:41.002057] sendSTAT:151 STAT: STMt
[12:49:42.003554] sendSTAT:151 STAT: STMt
[12:49:43.005090] sendSTAT:151 STAT: STMt
[12:49:43.998442] process:409 strm
[12:49:43.998701] process_strm:219 strm command t
[12:49:43.998835] sendSTAT:151 STAT: STMt
[12:49:45.000486] sendSTAT:151 STAT: STMt
[12:49:46.314147] sendSTAT:151 STAT: STMt
[12:49:47.315706] sendSTAT:151 STAT: STMt
[12:49:48.317202] sendSTAT:151 STAT: STMt
[12:49:48.998277] process:409 strm
[12:49:48.998609] process_strm:219 strm command t
[12:49:48.998750] sendSTAT:151 STAT: STMt
[12:49:50.000067] sendSTAT:151 STAT: STMt
[12:49:51.314174] sendSTAT:151 STAT: STMt
[12:49:52.315731] sendSTAT:151 STAT: STMt
[12:49:53.317227] sendSTAT:151 STAT: STMt
[12:49:53.998184] process:409 strm
[12:49:53.998444] process_strm:219 strm command t
[12:49:53.998576] sendSTAT:151 STAT: STMt
[12:49:55.000065] sendSTAT:151 STAT: STMt
[12:49:56.301919] sendSTAT:151 STAT: STMt
[12:49:57.306992] sendSTAT:151 STAT: STMt
[12:49:58.308563] sendSTAT:151 STAT: STMt
[12:49:58.997883] process:409 strm
[12:49:58.998144] process_strm:219 strm command t
[12:49:58.998366] sendSTAT:151 STAT: STMt
[12:49:59.999720] sendSTAT:151 STAT: STMt
[12:50:01.011557] sendSTAT:151 STAT: STMt
[12:50:02.013162] sendSTAT:151 STAT: STMt
[12:50:03.014748] sendSTAT:151 STAT: STMt
[12:50:04.016254] sendSTAT:151 STAT: STMt
[12:50:04.030034] process:409 strm
[12:50:04.030296] process_strm:219 strm command t
[12:50:04.030434] sendSTAT:151 STAT: STMt
[12:50:05.031908] sendSTAT:151 STAT: STMt
[12:50:06.334625] sendSTAT:151 STAT: STMt
[12:50:07.336198] sendSTAT:151 STAT: STMt
[12:50:08.337703] sendSTAT:151 STAT: STMt
[12:50:08.998137] process:409 strm
[12:50:08.998421] process_strm:219 strm command t
[12:50:08.998639] sendSTAT:151 STAT: STMt
[12:50:09.999985] sendSTAT:151 STAT: STMt
[12:50:11.001537] sendSTAT:151 STAT: STMt
[12:50:12.003147] sendSTAT:151 STAT: STMt
[12:50:13.007549] sendSTAT:151 STAT: STMt
[12:50:13.998506] process:409 strm
[12:50:13.998784] process_strm:219 strm command t
[12:50:13.998917] sendSTAT:151 STAT: STMt
[12:50:15.000248] sendSTAT:151 STAT: STMt
[12:50:16.001868] sendSTAT:151 STAT: STMt
[12:50:17.011125] sendSTAT:151 STAT: STMt
[12:50:18.012750] sendSTAT:151 STAT: STMt
[12:50:18.998457] process:409 strm
[12:50:18.998711] process_strm:219 strm command t
[12:50:18.998841] sendSTAT:151 STAT: STMt
[12:50:20.000261] sendSTAT:151 STAT: STMt
[12:50:21.001754] sendSTAT:151 STAT: STMt
[12:50:22.071850] sendSTAT:151 STAT: STMt
[12:50:23.073473] sendSTAT:151 STAT: STMt
[12:50:23.998378] process:409 strm
[12:50:23.998659] process_strm:219 strm command t
[12:50:23.998790] sendSTAT:151 STAT: STMt
[12:50:25.000119] sendSTAT:151 STAT: STMt
[12:50:26.001723] sendSTAT:151 STAT: STMt
[12:50:27.012402] sendSTAT:151 STAT: STMt
[12:50:28.014088] sendSTAT:151 STAT: STMt
[12:50:28.998449] process:409 strm
[12:50:28.998698] process_strm:219 strm command t
[12:50:28.998875] sendSTAT:151 STAT: STMt
[12:50:29.999950] sendSTAT:151 STAT: STMt
[12:50:31.001462] sendSTAT:151 STAT: STMt
[12:50:32.006790] sendSTAT:151 STAT: STMt
[12:50:33.008332] sendSTAT:151 STAT: STMt
[12:50:33.998503] process:409 strm
[12:50:33.998767] process_strm:219 strm command t
[12:50:33.998902] sendSTAT:151 STAT: STMt
[12:50:35.000247] sendSTAT:151 STAT: STMt
[12:50:36.001805] sendSTAT:151 STAT: STMt
[12:50:37.014154] sendSTAT:151 STAT: STMt
[12:50:37.371009] process:409 audg
[12:50:37.371420] process_audg:357 audg gainL: 0 gainR: 0 adjust: 1
[12:50:37.371832] process:409 strm
[12:50:37.372072] process_strm:219 strm command p
[12:50:37.372212] sendSTAT:151 STAT: STMp
[12:50:37.372436] process_strm:250 pause interval: 0
[12:50:38.373803] sendSTAT:151 STAT: STMt
[12:50:38.998088] process:409 strm
[12:50:38.998342] process_strm:219 strm command t
[12:50:38.998478] sendSTAT:151 STAT: STMt
[12:50:39.999966] sendSTAT:151 STAT: STMt
[12:50:41.001451] sendSTAT:151 STAT: STMt
[12:50:42.010106] sendSTAT:151 STAT: STMt
[12:50:42.998427] process:409 strm
[12:50:42.998681] process_strm:219 strm command t
[12:50:42.998818] sendSTAT:151 STAT: STMt
[12:50:44.000302] sendSTAT:151 STAT: STMt
[12:50:45.001796] sendSTAT:151 STAT: STMt
[12:50:46.003348] sendSTAT:151 STAT: STMt
[12:50:47.308944] sendSTAT:151 STAT: STMt
[12:50:47.998157] process:409 strm
[12:50:47.998451] process_strm:219 strm command t
[12:50:47.998628] sendSTAT:151 STAT: STMt
[12:50:48.042081] slimproto_stop:763 slimproto stop
